0 info it worked if it ends with ok
1 verbose cli [ '/Users/mannysin/.nvm/versions/node/v7.2.0/bin/node',
1 verbose cli   '/Users/mannysin/.nvm/versions/node/v7.2.0/bin/npm',
1 verbose cli   'run',
1 verbose cli   'dev' ]
2 info using npm@3.10.9
3 info using node@v7.2.0
4 verbose run-script [ 'predev', 'dev', 'postdev' ]
5 info lifecycle starter_code@1.0.0~predev: starter_code@1.0.0
6 silly lifecycle starter_code@1.0.0~predev: no script for predev, continuing
7 info lifecycle starter_code@1.0.0~dev: starter_code@1.0.0
8 verbose lifecycle starter_code@1.0.0~dev: unsafe-perm in lifecycle true
9 verbose lifecycle starter_code@1.0.0~dev: PATH: /Users/mannysin/.nvm/versions/node/v7.2.0/lib/node_modules/npm/bin/node-gyp-bin:/Users/mannysin/Desktop/october-git-example/ftwd-october-2018/lab-ironbeers/starter_code/node_modules/.bin:/Users/mannysin/.nvm/versions/node/v7.2.0/bin:/usr/local/bin:/usr/bin:/bin:/usr/sbin:/sbin
10 verbose lifecycle starter_code@1.0.0~dev: CWD: /Users/mannysin/Desktop/october-git-example/ftwd-october-2018/lab-ironbeers/starter_code
11 silly lifecycle starter_code@1.0.0~dev: Args: [ '-c', 'nodemon app.js' ]
12 info lifecycle starter_code@1.0.0~dev: Failed to exec dev script
13 verbose stack Error: starter_code@1.0.0 dev: `nodemon app.js`
13 verbose stack spawn ENOENT
13 verbose stack     at ChildProcess.<anonymous> (/Users/mannysin/.nvm/versions/node/v7.2.0/lib/node_modules/npm/lib/utils/spawn.js:33:16)
13 verbose stack     at emitTwo (events.js:106:13)
13 verbose stack     at ChildProcess.emit (events.js:191:7)
13 verbose stack     at maybeClose (internal/child_process.js:885:16)
13 verbose stack     at Process.ChildProcess._handle.onexit (internal/child_process.js:226:5)
14 verbose pkgid starter_code@1.0.0
15 verbose cwd /Users/mannysin/Desktop/october-git-example/ftwd-october-2018/lab-ironbeers/starter_code/views
16 error Darwin 17.7.0
17 error argv "/Users/mannysin/.nvm/versions/node/v7.2.0/bin/node" "/Users/mannysin/.nvm/versions/node/v7.2.0/bin/npm" "run" "dev"
18 error node v7.2.0
19 error npm  v3.10.9
20 error file sh
21 error code ELIFECYCLE
22 error errno ENOENT
23 error syscall spawn
24 error starter_code@1.0.0 dev: `nodemon app.js`
24 error spawn ENOENT
25 error Failed at the starter_code@1.0.0 dev script 'nodemon app.js'.
25 error Make sure you have the latest version of node.js and npm installed.
25 error If you do, this is most likely a problem with the starter_code package,
25 error not with npm itself.
25 error Tell the author that this fails on your system:
25 error     nodemon app.js
25 error You can get information on how to open an issue for this project with:
25 error     npm bugs starter_code
25 error Or if that isn't available, you can get their info via:
25 error     npm owner ls starter_code
25 error There is likely additional logging output above.
26 verbose exit [ 1, true ]
